This file contains any messages produced by compilers while
running configure, to aid debugging if configure makes a mistake.

It was created by CAENUpgrader configure 1.7.1, which was
generated by GNU Autoconf 2.69.  Invocation command line was

  $ ./configure 

## --------- ##
## Platform. ##
## --------- ##

hostname = henrique
uname -m = x86_64
uname -r = 5.13.0-52-generic
uname -s = Linux
uname -v = #59-Ubuntu SMP Wed Jun 15 20:17:13 UTC 2022

/usr/bin/uname -p = x86_64
/bin/uname -X     = unknown

/bin/arch              = x86_64
/usr/bin/arch -k       = unknown
/usr/convex/getsysinfo = unknown
/usr/bin/hostinfo      = unknown
/bin/machine           = unknown
/usr/bin/oslevel       = unknown
/bin/universe          = unknown

PATH: /home/henrique/Documents/root_6.26.02/root_install/bin
PATH: /home/henrique/.cargo/bin
PATH: /usr/local/sbin
PATH: /usr/local/bin
PATH: /usr/sbin
PATH: /usr/bin
PATH: /sbin
PATH: /bin
PATH: /usr/games
PATH: /usr/local/games
PATH: /snap/bin
PATH: /snap/bin


## ----------- ##
## Core tests. ##
## ----------- ##

configure:2323: checking for a BSD-compatible install
configure:2391: result: /usr/bin/install -c
configure:2402: checking whether build environment is sane
configure:2457: result: yes
configure:2495: WARNING: 'missing' script is too old or missing
configure:2608: checking for a thread-safe mkdir -p
configure:2647: result: /usr/bin/mkdir -p
configure:2654: checking for gawk
configure:2670: found /usr/bin/gawk
configure:2681: result: gawk
configure:2692: checking whether make sets $(MAKE)
configure:2714: result: yes
configure:2743: checking whether make supports nested variables
configure:2760: result: yes
configure:3026: checking that generated files are newer than configure
configure:3032: result: done
configure:3040: creating ./config.status

## ---------------------- ##
## Running config.status. ##
## ---------------------- ##

This file was extended by CAENUpgrader config.status 1.7.1, which was
generated by GNU Autoconf 2.69.  Invocation command line was

  CONFIG_FILES    = 
  CONFIG_HEADERS  = 
  CONFIG_LINKS    = 
  CONFIG_COMMANDS = 
  $ ./config.status 

on henrique

config.status:774: creating Makefile
config.status:774: creating cvUpgrade/Makefile
config.status:774: creating cvUpgrade/src/Makefile
config.status:774: creating CAENBridgeUpgrade/Makefile
config.status:774: creating CAENBridgeUpgrade/src/Makefile
config.status:774: creating HVUpgrade/Makefile
config.status:774: creating HVUpgrade/src/Makefile
config.status:774: creating DeskBoot/Makefile
config.status:774: creating DeskBoot/src/Makefile
config.status:774: creating CAENUpgraderGUI/Makefile
configure:4121: checking for gcc
configure:4137: found /usr/bin/gcc
configure:4148: result: gcc
configure:4377: checking for C compiler version
configure:4386: gcc --version >&5
gcc (Ubuntu 11.2.0-7ubuntu2) 11.2.0
Copyright (C) 2021 Free Software Foundation, Inc.
This is free software; see the source for copying conditions.  There is NO
warranty; not even for MERCHANTABILITY or FITNESS FOR A PARTICULAR PURPOSE.

configure:4397: $? = 0
configure:4386: gcc -v >&5
Using built-in specs.
COLLECT_GCC=gcc
COLLECT_LTO_WRAPPER=/usr/lib/gcc/x86_64-linux-gnu/11/lto-wrapper
OFFLOAD_TARGET_NAMES=nvptx-none:amdgcn-amdhsa
OFFLOAD_TARGET_DEFAULT=1
Target: x86_64-linux-gnu
Configured with: ../src/configure -v --with-pkgversion='Ubuntu 11.2.0-7ubuntu2' --with-bugurl=file:///usr/share/doc/gcc-11/README.Bugs --enable-languages=c,ada,c++,go,brig,d,fortran,objc,obj-c++,m2 --prefix=/usr --with-gcc-major-version-only --program-suffix=-11 --program-prefix=x86_64-linux-gnu- --enable-shared --enable-linker-build-id --libexecdir=/usr/lib --without-included-gettext --enable-threads=posix --libdir=/usr/lib --enable-nls --enable-bootstrap --enable-clocale=gnu --enable-libstdcxx-debug --enable-libstdcxx-time=yes --with-default-libstdcxx-abi=new --enable-gnu-unique-object --disable-vtable-verify --enable-plugin --enable-default-pie --with-system-zlib --enable-libphobos-checking=release --with-target-system-zlib=auto --enable-objc-gc=auto --enable-multiarch --disable-werror --enable-cet --with-arch-32=i686 --with-abi=m64 --with-multilib-list=m32,m64,mx32 --enable-multilib --with-tune=generic --enable-offload-targets=nvptx-none=/build/gcc-11-ZPT0kp/gcc-11-11.2.0/debian/tmp-nvptx/usr,amdgcn-amdhsa=/build/gcc-11-ZPT0kp/gcc-11-11.2.0/debian/tmp-gcn/usr --without-cuda-driver --enable-checking=release --build=x86_64-linux-gnu --host=x86_64-linux-gnu --target=x86_64-linux-gnu --with-build-config=bootstrap-lto-lean --enable-link-serialization=2
Thread model: posix
Supported LTO compression algorithms: zlib zstd
gcc version 11.2.0 (Ubuntu 11.2.0-7ubuntu2) 
... rest of stderr output deleted ...
configure:4397: $? = 0
configure:4386: gcc -V >&5
gcc: error: unrecognized command-line option '-V'
gcc: fatal error: no input files
compilation terminated.
configure:4397: $? = 1
configure:4386: gcc -qversion >&5
gcc: error: unrecognized command-line option '-qversion'; did you mean '--version'?
gcc: fatal error: no input files
compilation terminated.
configure:4397: $? = 1
configure:4417: checking whether the C compiler works
configure:4439: gcc    conftest.c  >&5
configure:4443: $? = 0
configure:4491: result: yes
configure:4494: checking for C compiler default output file name
configure:4496: result: a.out
configure:4502: checking for suffix of executables
configure:4509: gcc -o conftest    conftest.c  >&5
configure:4513: $? = 0
configure:4535: result: 
configure:4557: checking whether we are cross compiling
configure:4565: gcc -o conftest    conftest.c  >&5
configure:4569: $? = 0
configure:4576: ./conftest
configure:4580: $? = 0
configure:4595: result: no
configure:4600: checking for suffix of object files
configure:4622: gcc -c   conftest.c >&5
configure:4626: $? = 0
configure:4647: result: o
configure:4651: checking whether we are using the GNU C compiler
configure:4670: gcc -c   conftest.c >&5
configure:4670: $? = 0
configure:4679: result: yes
configure:4688: checking whether gcc accepts -g
configure:4708: gcc -c -g  conftest.c >&5
configure:4708: $? = 0
configure:4749: result: yes
configure:4766: checking for gcc option to accept ISO C89
configure:4829: gcc  -c -g -O2  conftest.c >&5
configure:4829: $? = 0
configure:4842: result: none needed
configure:4867: checking whether gcc understands -c and -o together
configure:4889: gcc -c conftest.c -o conftest2.o
configure:4892: $? = 0
configure:4889: gcc -c conftest.c -o conftest2.o
configure:4892: $? = 0
configure:4904: result: yes
configure:4924: checking whether make supports the include directive
configure:4939: make -f confmf.GNU && cat confinc.out
this is the am__doit target
configure:4942: $? = 0
configure:4961: result: yes (GNU style)
configure:4986: checking dependency style of gcc
configure:5097: result: gcc3
configure:5122: checking how to run the C preprocessor
configure:5153: gcc -E  conftest.c
configure:5153: $? = 0
configure:5167: gcc -E  conftest.c
conftest.c:12:10: fatal error: ac_nonexistent.h: No such file or directory
   12 | #include <ac_nonexistent.h>
      |          ^~~~~~~~~~~~~~~~~~
compilation terminated.
configure:5167: $? = 1
configure: failed program was:
| /* confdefs.h */
| #define PACKAGE_NAME "CAENUpgrader"
| #define PACKAGE_TARNAME "caenupgrader"
| #define PACKAGE_VERSION "1.7.1"
| #define PACKAGE_STRING "CAENUpgrader 1.7.1"
| #define PACKAGE_BUGREPORT ""
| #define PACKAGE_URL ""
| #define PACKAGE "CAENUpgrader"
| #define VERSION "1.7.1"
| #define LINUX 1
| /* end confdefs.h.  */
| #include <ac_nonexistent.h>
configure:5192: result: gcc -E
configure:5212: gcc -E  conftest.c
configure:5212: $? = 0
configure:5226: gcc -E  conftest.c
conftest.c:12:10: fatal error: ac_nonexistent.h: No such file or directory
   12 | #include <ac_nonexistent.h>
      |          ^~~~~~~~~~~~~~~~~~
compilation terminated.
configure:5226: $? = 1
configure: failed program was:
| /* confdefs.h */
| #define PACKAGE_NAME "CAENUpgrader"
| #define PACKAGE_TARNAME "caenupgrader"
| #define PACKAGE_VERSION "1.7.1"
| #define PACKAGE_STRING "CAENUpgrader 1.7.1"
| #define PACKAGE_BUGREPORT ""
| #define PACKAGE_URL ""
| #define PACKAGE "CAENUpgrader"
| #define VERSION "1.7.1"
| #define LINUX 1
| /* end confdefs.h.  */
| #include <ac_nonexistent.h>
configure:5255: checking for grep that handles long lines and -e
configure:5313: result: /usr/bin/grep
configure:5318: checking for egrep
configure:5380: result: /usr/bin/grep -E
configure:5385: checking for ANSI C header files
configure:5405: gcc -c -g -O2  conftest.c >&5
configure:5405: $? = 0
configure:5478: gcc -o conftest -g -O2   conftest.c  >&5
configure:5478: $? = 0
configure:5478: ./conftest
configure:5478: $? = 0
configure:5489: result: yes
configure:5502: checking for sys/types.h
configure:5502: gcc -c -g -O2  conftest.c >&5
configure:5502: $? = 0
configure:5502: result: yes
configure:5502: checking for sys/stat.h
configure:5502: gcc -c -g -O2  conftest.c >&5
configure:5502: $? = 0
configure:5502: result: yes
configure:5502: checking for stdlib.h
configure:5502: gcc -c -g -O2  conftest.c >&5
configure:5502: $? = 0
configure:5502: result: yes
configure:5502: checking for string.h
configure:5502: gcc -c -g -O2  conftest.c >&5
configure:5502: $? = 0
configure:5502: result: yes
configure:5502: checking for memory.h
configure:5502: gcc -c -g -O2  conftest.c >&5
configure:5502: $? = 0
configure:5502: result: yes
configure:5502: checking for strings.h
configure:5502: gcc -c -g -O2  conftest.c >&5
configure:5502: $? = 0
configure:5502: result: yes
configure:5502: checking for inttypes.h
configure:5502: gcc -c -g -O2  conftest.c >&5
configure:5502: $? = 0
configure:5502: result: yes
configure:5502: checking for stdint.h
configure:5502: gcc -c -g -O2  conftest.c >&5
configure:5502: $? = 0
configure:5502: result: yes
configure:5502: checking for unistd.h
configure:5502: gcc -c -g -O2  conftest.c >&5
configure:5502: $? = 0
configure:5502: result: yes
configure:5514: checking CAENVMElib.h usability
configure:5514: gcc -c -g -O2  conftest.c >&5
configure:5514: $? = 0
configure:5514: result: yes
configure:5514: checking CAENVMElib.h presence
configure:5514: gcc -E  conftest.c
configure:5514: $? = 0
configure:5514: result: yes
configure:5514: checking for CAENVMElib.h
configure:5514: result: yes
configure:5522: checking CAENVMEtypes.h usability
configure:5522: gcc -c -g -O2  conftest.c >&5
configure:5522: $? = 0
configure:5522: result: yes
configure:5522: checking CAENVMEtypes.h presence
configure:5522: gcc -E  conftest.c
configure:5522: $? = 0
configure:5522: result: yes
configure:5522: checking for CAENVMEtypes.h
configure:5522: result: yes
configure:5530: checking for cvUSB_A4818 in CAENVMEtypes.h
configure:5556: result: CAENVMEtypes.h
configure:5567: checking for CAENVME_Init in -lCAENVME
configure:5592: gcc -o conftest -g -O2   conftest.c -lCAENVME   >&5
configure:5592: $? = 0
configure:5601: result: yes
configure:5613: checking CAENComm.h usability
configure:5613: gcc -c -g -O2  conftest.c >&5
configure:5613: $? = 0
configure:5613: result: yes
configure:5613: checking CAENComm.h presence
configure:5613: gcc -E  conftest.c
configure:5613: $? = 0
configure:5613: result: yes
configure:5613: checking for CAENComm.h
configure:5613: result: yes
configure:5621: checking for CAENComm_USB_A4818 in CAENComm.h
configure:5647: result: CAENComm.h
configure:5658: checking for CAENComm_OpenDevice in -lCAENComm
configure:5683: gcc -o conftest -g -O2   conftest.c -lCAENComm   >&5
configure:5683: $? = 0
configure:5692: result: yes
configure:5709: checking for stdint.h
configure:5709: result: yes
configure:5709: checking for stdlib.h
configure:5709: result: yes
configure:5709: checking for string.h
configure:5709: result: yes
configure:5709: checking sys/time.h usability
configure:5709: gcc -c -g -O2  conftest.c >&5
configure:5709: $? = 0
configure:5709: result: yes
configure:5709: checking sys/time.h presence
configure:5709: gcc -E  conftest.c
configure:5709: $? = 0
configure:5709: result: yes
configure:5709: checking for sys/time.h
configure:5709: result: yes
configure:5709: checking sys/timeb.h usability
configure:5709: gcc -c -g -O2  conftest.c >&5
configure:5709: $? = 0
configure:5709: result: yes
configure:5709: checking sys/timeb.h presence
configure:5709: gcc -E  conftest.c
configure:5709: $? = 0
configure:5709: result: yes
configure:5709: checking for sys/timeb.h
configure:5709: result: yes
configure:5709: checking termios.h usability
configure:5709: gcc -c -g -O2  conftest.c >&5
configure:5709: $? = 0
configure:5709: result: yes
configure:5709: checking termios.h presence
configure:5709: gcc -E  conftest.c
configure:5709: $? = 0
configure:5709: result: yes
configure:5709: checking for termios.h
configure:5709: result: yes
configure:5709: checking for unistd.h
configure:5709: result: yes
configure:5721: checking for int16_t
configure:5721: gcc -c -g -O2  conftest.c >&5
configure:5721: $? = 0
configure:5721: gcc -c -g -O2  conftest.c >&5
conftest.c: In function 'main':
conftest.c:66:12: error: size of array 'test_array' is negative
   66 | static int test_array [1 - 2 * !((int16_t) (((((int16_t) 1 << N) << N) - 1) * 2 + 1)
      |            ^~~~~~~~~~
configure:5721: $? = 1
configure: failed program was:
| /* confdefs.h */
| #define PACKAGE_NAME "CAENUpgrader"
| #define PACKAGE_TARNAME "caenupgrader"
| #define PACKAGE_VERSION "1.7.1"
| #define PACKAGE_STRING "CAENUpgrader 1.7.1"
| #define PACKAGE_BUGREPORT ""
| #define PACKAGE_URL ""
| #define PACKAGE "CAENUpgrader"
| #define VERSION "1.7.1"
| #define LINUX 1
| #define STDC_HEADERS 1
| #define HAVE_SYS_TYPES_H 1
| #define HAVE_SYS_STAT_H 1
| #define HAVE_STDLIB_H 1
| #define HAVE_STRING_H 1
| #define HAVE_MEMORY_H 1
| #define HAVE_STRINGS_H 1
| #define HAVE_INTTYPES_H 1
| #define HAVE_STDINT_H 1
| #define HAVE_UNISTD_H 1
| #define HAVE_STDINT_H 1
| #define HAVE_STDLIB_H 1
| #define HAVE_STRING_H 1
| #define HAVE_SYS_TIME_H 1
| #define HAVE_SYS_TIMEB_H 1
| #define HAVE_TERMIOS_H 1
| #define HAVE_UNISTD_H 1
| /* end confdefs.h.  */
| #include <stdio.h>
| #ifdef HAVE_SYS_TYPES_H
| # include <sys/types.h>
| #endif
| #ifdef HAVE_SYS_STAT_H
| # include <sys/stat.h>
| #endif
| #ifdef STDC_HEADERS
| # include <stdlib.h>
| # include <stddef.h>
| #else
| # ifdef HAVE_STDLIB_H
| #  include <stdlib.h>
| # endif
| #endif
| #ifdef HAVE_STRING_H
| # if !defined STDC_HEADERS && defined HAVE_MEMORY_H
| #  include <memory.h>
| # endif
| # include <string.h>
| #endif
| #ifdef HAVE_STRINGS_H
| # include <strings.h>
| #endif
| #ifdef HAVE_INTTYPES_H
| # include <inttypes.h>
| #endif
| #ifdef HAVE_STDINT_H
| # include <stdint.h>
| #endif
| #ifdef HAVE_UNISTD_H
| # include <unistd.h>
| #endif
| 	        enum { N = 16 / 2 - 1 };
| int
| main ()
| {
| static int test_array [1 - 2 * !((int16_t) (((((int16_t) 1 << N) << N) - 1) * 2 + 1)
| 		 < (int16_t) (((((int16_t) 1 << N) << N) - 1) * 2 + 2))];
| test_array [0] = 0;
| return test_array [0];
| 
|   ;
|   return 0;
| }
configure:5721: result: yes
configure:5732: checking for int32_t
configure:5732: gcc -c -g -O2  conftest.c >&5
configure:5732: $? = 0
configure:5732: gcc -c -g -O2  conftest.c >&5
conftest.c: In function 'main':
conftest.c:67:67: warning: integer overflow in expression of type 'int' results in '-2147483648' [-Woverflow]
   67 |                  < (int32_t) (((((int32_t) 1 << N) << N) - 1) * 2 + 2))];
      |                                                                   ^
conftest.c:66:12: error: storage size of 'test_array' isn't constant
   66 | static int test_array [1 - 2 * !((int32_t) (((((int32_t) 1 << N) << N) - 1) * 2 + 1)
      |            ^~~~~~~~~~
configure:5732: $? = 1
configure: failed program was:
| /* confdefs.h */
| #define PACKAGE_NAME "CAENUpgrader"
| #define PACKAGE_TARNAME "caenupgrader"
| #define PACKAGE_VERSION "1.7.1"
| #define PACKAGE_STRING "CAENUpgrader 1.7.1"
| #define PACKAGE_BUGREPORT ""
| #define PACKAGE_URL ""
| #define PACKAGE "CAENUpgrader"
| #define VERSION "1.7.1"
| #define LINUX 1
| #define STDC_HEADERS 1
| #define HAVE_SYS_TYPES_H 1
| #define HAVE_SYS_STAT_H 1
| #define HAVE_STDLIB_H 1
| #define HAVE_STRING_H 1
| #define HAVE_MEMORY_H 1
| #define HAVE_STRINGS_H 1
| #define HAVE_INTTYPES_H 1
| #define HAVE_STDINT_H 1
| #define HAVE_UNISTD_H 1
| #define HAVE_STDINT_H 1
| #define HAVE_STDLIB_H 1
| #define HAVE_STRING_H 1
| #define HAVE_SYS_TIME_H 1
| #define HAVE_SYS_TIMEB_H 1
| #define HAVE_TERMIOS_H 1
| #define HAVE_UNISTD_H 1
| /* end confdefs.h.  */
| #include <stdio.h>
| #ifdef HAVE_SYS_TYPES_H
| # include <sys/types.h>
| #endif
| #ifdef HAVE_SYS_STAT_H
| # include <sys/stat.h>
| #endif
| #ifdef STDC_HEADERS
| # include <stdlib.h>
| # include <stddef.h>
| #else
| # ifdef HAVE_STDLIB_H
| #  include <stdlib.h>
| # endif
| #endif
| #ifdef HAVE_STRING_H
| # if !defined STDC_HEADERS && defined HAVE_MEMORY_H
| #  include <memory.h>
| # endif
| # include <string.h>
| #endif
| #ifdef HAVE_STRINGS_H
| # include <strings.h>
| #endif
| #ifdef HAVE_INTTYPES_H
| # include <inttypes.h>
| #endif
| #ifdef HAVE_STDINT_H
| # include <stdint.h>
| #endif
| #ifdef HAVE_UNISTD_H
| # include <unistd.h>
| #endif
| 	        enum { N = 32 / 2 - 1 };
| int
| main ()
| {
| static int test_array [1 - 2 * !((int32_t) (((((int32_t) 1 << N) << N) - 1) * 2 + 1)
| 		 < (int32_t) (((((int32_t) 1 << N) << N) - 1) * 2 + 2))];
| test_array [0] = 0;
| return test_array [0];
| 
|   ;
|   return 0;
| }
configure:5732: result: yes
configure:5743: checking for int8_t
configure:5743: gcc -c -g -O2  conftest.c >&5
configure:5743: $? = 0
configure:5743: gcc -c -g -O2  conftest.c >&5
conftest.c: In function 'main':
conftest.c:66:12: error: size of array 'test_array' is negative
   66 | static int test_array [1 - 2 * !((int8_t) (((((int8_t) 1 << N) << N) - 1) * 2 + 1)
      |            ^~~~~~~~~~
configure:5743: $? = 1
configure: failed program was:
| /* confdefs.h */
| #define PACKAGE_NAME "CAENUpgrader"
| #define PACKAGE_TARNAME "caenupgrader"
| #define PACKAGE_VERSION "1.7.1"
| #define PACKAGE_STRING "CAENUpgrader 1.7.1"
| #define PACKAGE_BUGREPORT ""
| #define PACKAGE_URL ""
| #define PACKAGE "CAENUpgrader"
| #define VERSION "1.7.1"
| #define LINUX 1
| #define STDC_HEADERS 1
| #define HAVE_SYS_TYPES_H 1
| #define HAVE_SYS_STAT_H 1
| #define HAVE_STDLIB_H 1
| #define HAVE_STRING_H 1
| #define HAVE_MEMORY_H 1
| #define HAVE_STRINGS_H 1
| #define HAVE_INTTYPES_H 1
| #define HAVE_STDINT_H 1
| #define HAVE_UNISTD_H 1
| #define HAVE_STDINT_H 1
| #define HAVE_STDLIB_H 1
| #define HAVE_STRING_H 1
| #define HAVE_SYS_TIME_H 1
| #define HAVE_SYS_TIMEB_H 1
| #define HAVE_TERMIOS_H 1
| #define HAVE_UNISTD_H 1
| /* end confdefs.h.  */
| #include <stdio.h>
| #ifdef HAVE_SYS_TYPES_H
| # include <sys/types.h>
| #endif
| #ifdef HAVE_SYS_STAT_H
| # include <sys/stat.h>
| #endif
| #ifdef STDC_HEADERS
| # include <stdlib.h>
| # include <stddef.h>
| #else
| # ifdef HAVE_STDLIB_H
| #  include <stdlib.h>
| # endif
| #endif
| #ifdef HAVE_STRING_H
| # if !defined STDC_HEADERS && defined HAVE_MEMORY_H
| #  include <memory.h>
| # endif
| # include <string.h>
| #endif
| #ifdef HAVE_STRINGS_H
| # include <strings.h>
| #endif
| #ifdef HAVE_INTTYPES_H
| # include <inttypes.h>
| #endif
| #ifdef HAVE_STDINT_H
| # include <stdint.h>
| #endif
| #ifdef HAVE_UNISTD_H
| # include <unistd.h>
| #endif
| 	        enum { N = 8 / 2 - 1 };
| int
| main ()
| {
| static int test_array [1 - 2 * !((int8_t) (((((int8_t) 1 << N) << N) - 1) * 2 + 1)
| 		 < (int8_t) (((((int8_t) 1 << N) << N) - 1) * 2 + 2))];
| test_array [0] = 0;
| return test_array [0];
| 
|   ;
|   return 0;
| }
configure:5743: result: yes
configure:5754: checking for uint16_t
configure:5754: gcc -c -g -O2  conftest.c >&5
configure:5754: $? = 0
configure:5754: result: yes
configure:5766: checking for uint32_t
configure:5766: gcc -c -g -O2  conftest.c >&5
configure:5766: $? = 0
configure:5766: result: yes
configure:5780: checking for uint64_t
configure:5780: gcc -c -g -O2  conftest.c >&5
configure:5780: $? = 0
configure:5780: result: yes
configure:5794: checking for uint8_t
configure:5794: gcc -c -g -O2  conftest.c >&5
configure:5794: $? = 0
configure:5794: result: yes
configure:5812: checking for stdlib.h
configure:5812: result: yes
configure:5822: checking for GNU libc compatible malloc
configure:5846: gcc -o conftest -g -O2   conftest.c  >&5
configure:5846: $? = 0
configure:5846: ./conftest
configure:5846: $? = 0
configure:5856: result: yes
configure:5880: checking for atexit
configure:5880: gcc -o conftest -g -O2   conftest.c  >&5
configure:5880: $? = 0
configure:5880: result: yes
configure:5880: checking for gettimeofday
configure:5880: gcc -o conftest -g -O2   conftest.c  >&5
configure:5880: $? = 0
configure:5880: result: yes
configure:5880: checking for memset
configure:5880: gcc -o conftest -g -O2   conftest.c  >&5
conftest.c:56:6: warning: conflicting types for built-in function 'memset'; expected 'void *(void *, int,  long unsigned int)' [-Wbuiltin-declaration-mismatch]
   56 | char memset ();
      |      ^~~~~~
conftest.c:44:1: note: 'memset' is declared in header '<string.h>'
   43 | # include <limits.h>
   44 | #else
configure:5880: $? = 0
configure:5880: result: yes
configure:5880: checking for pow
configure:5880: gcc -o conftest -g -O2   conftest.c  >&5
conftest.c:57:6: warning: conflicting types for built-in function 'pow'; expected 'double(double,  double)' [-Wbuiltin-declaration-mismatch]
   57 | char pow ();
      |      ^~~
conftest.c:45:1: note: 'pow' is declared in header '<math.h>'
   44 | # include <limits.h>
   45 | #else
/usr/bin/ld: /tmp/ccLMFn2Y.o: in function `main':
/home/henrique/Documents/CAEN_Digitizer/Installation/CAENUpgrader-1.7.2/conftest.c:68: undefined reference to `pow'
collect2: error: ld returned 1 exit status
configure:5880: $? = 1
configure: failed program was:
| /* confdefs.h */
| #define PACKAGE_NAME "CAENUpgrader"
| #define PACKAGE_TARNAME "caenupgrader"
| #define PACKAGE_VERSION "1.7.1"
| #define PACKAGE_STRING "CAENUpgrader 1.7.1"
| #define PACKAGE_BUGREPORT ""
| #define PACKAGE_URL ""
| #define PACKAGE "CAENUpgrader"
| #define VERSION "1.7.1"
| #define LINUX 1
| #define STDC_HEADERS 1
| #define HAVE_SYS_TYPES_H 1
| #define HAVE_SYS_STAT_H 1
| #define HAVE_STDLIB_H 1
| #define HAVE_STRING_H 1
| #define HAVE_MEMORY_H 1
| #define HAVE_STRINGS_H 1
| #define HAVE_INTTYPES_H 1
| #define HAVE_STDINT_H 1
| #define HAVE_UNISTD_H 1
| #define HAVE_STDINT_H 1
| #define HAVE_STDLIB_H 1
| #define HAVE_STRING_H 1
| #define HAVE_SYS_TIME_H 1
| #define HAVE_SYS_TIMEB_H 1
| #define HAVE_TERMIOS_H 1
| #define HAVE_UNISTD_H 1
| #define HAVE_STDLIB_H 1
| #define HAVE_MALLOC 1
| #define HAVE_ATEXIT 1
| #define HAVE_GETTIMEOFDAY 1
| #define HAVE_MEMSET 1
| /* end confdefs.h.  */
| /* Define pow to an innocuous variant, in case <limits.h> declares pow.
|    For example, HP-UX 11i <limits.h> declares gettimeofday.  */
| #define pow innocuous_pow
| 
| /* System header to define __stub macros and hopefully few prototypes,
|     which can conflict with char pow (); below.
|     Prefer <limits.h> to <assert.h> if __STDC__ is defined, since
|     <limits.h> exists even on freestanding compilers.  */
| 
| #ifdef __STDC__
| # include <limits.h>
| #else
| # include <assert.h>
| #endif
| 
| #undef pow
| 
| /* Override any GCC internal prototype to avoid an error.
|    Use char because int might match the return type of a GCC
|    builtin and then its argument prototype would still apply.  */
| #ifdef __cplusplus
| extern "C"
| #endif
| char pow ();
| /* The GNU C library defines this for functions which it implements
|     to always fail with ENOSYS.  Some functions are actually named
|     something starting with __ and the normal name is an alias.  */
| #if defined __stub_pow || defined __stub___pow
| choke me
| #endif
| 
| int
| main ()
| {
| return pow ();
|   ;
|   return 0;
| }
configure:5880: result: no
configure:5880: checking for select
configure:5880: gcc -o conftest -g -O2   conftest.c  >&5
configure:5880: $? = 0
configure:5880: result: yes
configure:5880: checking for sqrt
configure:5880: gcc -o conftest -g -O2   conftest.c  >&5
conftest.c:58:6: warning: conflicting types for built-in function 'sqrt'; expected 'double(double)' [-Wbuiltin-declaration-mismatch]
   58 | char sqrt ();
      |      ^~~~
conftest.c:46:1: note: 'sqrt' is declared in header '<math.h>'
   45 | # include <limits.h>
   46 | #else
/usr/bin/ld: /tmp/ccbAYySA.o: in function `main':
/home/henrique/Documents/CAEN_Digitizer/Installation/CAENUpgrader-1.7.2/conftest.c:69: undefined reference to `sqrt'
collect2: error: ld returned 1 exit status
configure:5880: $? = 1
configure: failed program was:
| /* confdefs.h */
| #define PACKAGE_NAME "CAENUpgrader"
| #define PACKAGE_TARNAME "caenupgrader"
| #define PACKAGE_VERSION "1.7.1"
| #define PACKAGE_STRING "CAENUpgrader 1.7.1"
| #define PACKAGE_BUGREPORT ""
| #define PACKAGE_URL ""
| #define PACKAGE "CAENUpgrader"
| #define VERSION "1.7.1"
| #define LINUX 1
| #define STDC_HEADERS 1
| #define HAVE_SYS_TYPES_H 1
| #define HAVE_SYS_STAT_H 1
| #define HAVE_STDLIB_H 1
| #define HAVE_STRING_H 1
| #define HAVE_MEMORY_H 1
| #define HAVE_STRINGS_H 1
| #define HAVE_INTTYPES_H 1
| #define HAVE_STDINT_H 1
| #define HAVE_UNISTD_H 1
| #define HAVE_STDINT_H 1
| #define HAVE_STDLIB_H 1
| #define HAVE_STRING_H 1
| #define HAVE_SYS_TIME_H 1
| #define HAVE_SYS_TIMEB_H 1
| #define HAVE_TERMIOS_H 1
| #define HAVE_UNISTD_H 1
| #define HAVE_STDLIB_H 1
| #define HAVE_MALLOC 1
| #define HAVE_ATEXIT 1
| #define HAVE_GETTIMEOFDAY 1
| #define HAVE_MEMSET 1
| #define HAVE_SELECT 1
| /* end confdefs.h.  */
| /* Define sqrt to an innocuous variant, in case <limits.h> declares sqrt.
|    For example, HP-UX 11i <limits.h> declares gettimeofday.  */
| #define sqrt innocuous_sqrt
| 
| /* System header to define __stub macros and hopefully few prototypes,
|     which can conflict with char sqrt (); below.
|     Prefer <limits.h> to <assert.h> if __STDC__ is defined, since
|     <limits.h> exists even on freestanding compilers.  */
| 
| #ifdef __STDC__
| # include <limits.h>
| #else
| # include <assert.h>
| #endif
| 
| #undef sqrt
| 
| /* Override any GCC internal prototype to avoid an error.
|    Use char because int might match the return type of a GCC
|    builtin and then its argument prototype would still apply.  */
| #ifdef __cplusplus
| extern "C"
| #endif
| char sqrt ();
| /* The GNU C library defines this for functions which it implements
|     to always fail with ENOSYS.  Some functions are actually named
|     something starting with __ and the normal name is an alias.  */
| #if defined __stub_sqrt || defined __stub___sqrt
| choke me
| #endif
| 
| int
| main ()
| {
| return sqrt ();
|   ;
|   return 0;
| }
configure:5880: result: no
configure:5991: checking that generated files are newer than configure
configure:5997: result: done
configure:6020: creating ./config.status

## ---------------------- ##
## Running config.status. ##
## ---------------------- ##

This file was extended by CAENUpgrader config.status 1.7.1, which was
generated by GNU Autoconf 2.69.  Invocation command line was

  CONFIG_FILES    = 
  CONFIG_HEADERS  = 
  CONFIG_LINKS    = 
  CONFIG_COMMANDS = 
  $ ./config.status 

on henrique

config.status:876: creating Makefile
config.status:876: creating cvUpgrade/Makefile
config.status:876: creating cvUpgrade/src/Makefile
config.status:876: creating CAENBridgeUpgrade/Makefile
config.status:876: creating CAENBridgeUpgrade/src/Makefile
config.status:876: creating HVUpgrade/Makefile
config.status:876: creating HVUpgrade/src/Makefile
config.status:876: creating DeskBoot/Makefile
config.status:876: creating DeskBoot/src/Makefile
config.status:876: creating CAENUpgraderGUI/Makefile
config.status:876: creating config.h
config.status:1105: executing depfiles commands
config.status:1182: cd cvUpgrade/src       && sed -e '/# am--include-marker/d' Makefile         | make -f - am--depfiles
config.status:1187: $? = 0
config.status:1182: cd CAENBridgeUpgrade/src       && sed -e '/# am--include-marker/d' Makefile         | make -f - am--depfiles
config.status:1187: $? = 0
config.status:1182: cd HVUpgrade/src       && sed -e '/# am--include-marker/d' Makefile         | make -f - am--depfiles
config.status:1187: $? = 0
config.status:1182: cd DeskBoot/src       && sed -e '/# am--include-marker/d' Makefile         | make -f - am--depfiles
config.status:1187: $? = 0

## ---------------- ##
## Cache variables. ##
## ---------------- ##

ac_cv_c_compiler_gnu=yes
ac_cv_c_int16_t=yes
ac_cv_c_int32_t=yes
ac_cv_c_int8_t=yes
ac_cv_c_uint16_t=yes
ac_cv_c_uint32_t=yes
ac_cv_c_uint64_t=yes
ac_cv_c_uint8_t=yes
ac_cv_env_CC_set=
ac_cv_env_CC_value=
ac_cv_env_CFLAGS_set=
ac_cv_env_CFLAGS_value=
ac_cv_env_CPPFLAGS_set=
ac_cv_env_CPPFLAGS_value=
ac_cv_env_CPP_set=
ac_cv_env_CPP_value=
ac_cv_env_LDFLAGS_set=
ac_cv_env_LDFLAGS_value=
ac_cv_env_LIBS_set=
ac_cv_env_LIBS_value=
ac_cv_env_build_alias_set=
ac_cv_env_build_alias_value=
ac_cv_env_host_alias_set=
ac_cv_env_host_alias_value=
ac_cv_env_target_alias_set=
ac_cv_env_target_alias_value=
ac_cv_func_atexit=yes
ac_cv_func_gettimeofday=yes
ac_cv_func_malloc_0_nonnull=yes
ac_cv_func_memset=yes
ac_cv_func_pow=no
ac_cv_func_select=yes
ac_cv_func_sqrt=no
ac_cv_header_CAENComm_h=yes
ac_cv_header_CAENVMElib_h=yes
ac_cv_header_CAENVMEtypes_h=yes
ac_cv_header_inttypes_h=yes
ac_cv_header_memory_h=yes
ac_cv_header_stdc=yes
ac_cv_header_stdint_h=yes
ac_cv_header_stdlib_h=yes
ac_cv_header_string_h=yes
ac_cv_header_strings_h=yes
ac_cv_header_sys_stat_h=yes
ac_cv_header_sys_time_h=yes
ac_cv_header_sys_timeb_h=yes
ac_cv_header_sys_types_h=yes
ac_cv_header_termios_h=yes
ac_cv_header_unistd_h=yes
ac_cv_lib_CAENComm_CAENComm_OpenDevice=yes
ac_cv_lib_CAENVME_CAENVME_Init=yes
ac_cv_objext=o
ac_cv_path_EGREP='/usr/bin/grep -E'
ac_cv_path_GREP=/usr/bin/grep
ac_cv_path_install='/usr/bin/install -c'
ac_cv_path_mkdir=/usr/bin/mkdir
ac_cv_prog_AWK=gawk
ac_cv_prog_CPP='gcc -E'
ac_cv_prog_ac_ct_CC=gcc
ac_cv_prog_cc_c89=
ac_cv_prog_cc_g=yes
ac_cv_prog_make_make_set=yes
am_cv_CC_dependencies_compiler_type=gcc3
am_cv_make_support_nested_variables=yes
am_cv_prog_cc_c_o=yes

## ----------------- ##
## Output variables. ##
## ----------------- ##

ACLOCAL='aclocal-1.16'
AMDEPBACKSLASH='\'
AMDEP_FALSE='#'
AMDEP_TRUE=''
AMTAR='$${TAR-tar}'
AM_BACKSLASH='\'
AM_DEFAULT_V='$(AM_DEFAULT_VERBOSITY)'
AM_DEFAULT_VERBOSITY='1'
AM_V='$(V)'
AUTOCONF='autoconf'
AUTOHEADER='autoheader'
AUTOMAKE='automake-1.16'
AWK='gawk'
CC='gcc'
CCDEPMODE='depmode=gcc3'
CFLAGS='-g -O2'
CPP='gcc -E'
CPPFLAGS=''
CYGPATH_W='echo'
DEFS='-DHAVE_CONFIG_H'
DEPDIR='.deps'
ECHO_C=''
ECHO_N='-n'
ECHO_T=''
EGREP='/usr/bin/grep -E'
EXEEXT=''
GREP='/usr/bin/grep'
INSTALL_DATA='${INSTALL} -m 644'
INSTALL_PROGRAM='${INSTALL}'
INSTALL_SCRIPT='${INSTALL}'
INSTALL_STRIP_PROGRAM='$(install_sh) -c -s'
LDFLAGS=''
LIBOBJS=''
LIBS=''
LTLIBOBJS=''
MAKEINFO='makeinfo'
MKDIR_P='/usr/bin/mkdir -p'
OBJEXT='o'
PACKAGE='CAENUpgrader'
PACKAGE_BUGREPORT=''
PACKAGE_NAME='CAENUpgrader'
PACKAGE_STRING='CAENUpgrader 1.7.1'
PACKAGE_TARNAME='caenupgrader'
PACKAGE_URL=''
PACKAGE_VERSION='1.7.1'
PATH_SEPARATOR=':'
SET_MAKE=''
SHELL='/bin/bash'
STRIP=''
VERSION='1.7.1'
ac_ct_CC='gcc'
am__EXEEXT_FALSE=''
am__EXEEXT_TRUE='#'
am__fastdepCC_FALSE='#'
am__fastdepCC_TRUE=''
am__include='include'
am__isrc=''
am__leading_dot='.'
am__nodep='_no'
am__quote=''
am__tar='$${TAR-tar} chof - "$$tardir"'
am__untar='$${TAR-tar} xf -'
bindir='${exec_prefix}/bin'
build_alias=''
datadir='${datarootdir}'
datarootdir='${prefix}/share'
docdir='${datarootdir}/doc/${PACKAGE_TARNAME}'
dvidir='${docdir}'
exec_prefix='${prefix}'
host_alias=''
htmldir='${docdir}'
includedir='${prefix}/include'
infodir='${datarootdir}/info'
install_sh='${SHELL} /home/henrique/Documents/CAEN_Digitizer/Installation/CAENUpgrader-1.7.2/install-sh'
libdir='${exec_prefix}/lib'
libexecdir='${exec_prefix}/libexec'
localedir='${datarootdir}/locale'
localstatedir='${prefix}/var'
mandir='${datarootdir}/man'
mkdir_p='$(MKDIR_P)'
oldincludedir='/usr/include'
pdfdir='${docdir}'
prefix='/usr/local'
program_transform_name='s,x,x,'
psdir='${docdir}'
runstatedir='${localstatedir}/run'
sbindir='${exec_prefix}/sbin'
sharedstatedir='${prefix}/com'
sysconfdir='${prefix}/etc'
target_alias=''

## ----------- ##
## confdefs.h. ##
## ----------- ##

/* confdefs.h */
#define PACKAGE_NAME "CAENUpgrader"
#define PACKAGE_TARNAME "caenupgrader"
#define PACKAGE_VERSION "1.7.1"
#define PACKAGE_STRING "CAENUpgrader 1.7.1"
#define PACKAGE_BUGREPORT ""
#define PACKAGE_URL ""
#define PACKAGE "CAENUpgrader"
#define VERSION "1.7.1"
#define LINUX 1
#define STDC_HEADERS 1
#define HAVE_SYS_TYPES_H 1
#define HAVE_SYS_STAT_H 1
#define HAVE_STDLIB_H 1
#define HAVE_STRING_H 1
#define HAVE_MEMORY_H 1
#define HAVE_STRINGS_H 1
#define HAVE_INTTYPES_H 1
#define HAVE_STDINT_H 1
#define HAVE_UNISTD_H 1
#define HAVE_STDINT_H 1
#define HAVE_STDLIB_H 1
#define HAVE_STRING_H 1
#define HAVE_SYS_TIME_H 1
#define HAVE_SYS_TIMEB_H 1
#define HAVE_TERMIOS_H 1
#define HAVE_UNISTD_H 1
#define HAVE_STDLIB_H 1
#define HAVE_MALLOC 1
#define HAVE_ATEXIT 1
#define HAVE_GETTIMEOFDAY 1
#define HAVE_MEMSET 1
#define HAVE_SELECT 1

configure: exit 0
