This file contains any messages produced by compilers while
running configure, to aid debugging if configure makes a mistake.

It was created by wavedump configure 3.10.4, which was
generated by GNU Autoconf 2.69.  Invocation command line was

  $ ./configure 

## --------- ##
## Platform. ##
## --------- ##

hostname = henrique
uname -m = x86_64
uname -r = 5.13.0-52-generic
uname -s = Linux
uname -v = #59-Ubuntu SMP Wed Jun 15 20:17:13 UTC 2022

/usr/bin/uname -p = x86_64
/bin/uname -X     = unknown

/bin/arch              = x86_64
/usr/bin/arch -k       = unknown
/usr/convex/getsysinfo = unknown
/usr/bin/hostinfo      = unknown
/bin/machine           = unknown
/usr/bin/oslevel       = unknown
/bin/universe          = unknown

PATH: /home/henrique/Documents/root_6.26.02/root_install/bin
PATH: /home/henrique/.cargo/bin
PATH: /usr/local/sbin
PATH: /usr/local/bin
PATH: /usr/sbin
PATH: /usr/bin
PATH: /sbin
PATH: /bin
PATH: /usr/games
PATH: /usr/local/games
PATH: /snap/bin
PATH: /snap/bin


## ----------- ##
## Core tests. ##
## ----------- ##

configure:2202: checking for a BSD-compatible install
configure:2270: result: /usr/bin/install -c
configure:2281: checking whether build environment is sane
configure:2336: result: yes
configure:2374: WARNING: 'missing' script is too old or missing
configure:2487: checking for a thread-safe mkdir -p
configure:2526: result: /usr/bin/mkdir -p
configure:2533: checking for gawk
configure:2549: found /usr/bin/gawk
configure:2560: result: gawk
configure:2571: checking whether make sets $(MAKE)
configure:2593: result: yes
configure:2622: checking whether make supports nested variables
configure:2639: result: yes
configure:2818: checking for gcc
configure:2834: found /usr/bin/gcc
configure:2845: result: gcc
configure:3074: checking for C compiler version
configure:3083: gcc --version >&5
gcc (Ubuntu 11.2.0-7ubuntu2) 11.2.0
Copyright (C) 2021 Free Software Foundation, Inc.
This is free software; see the source for copying conditions.  There is NO
warranty; not even for MERCHANTABILITY or FITNESS FOR A PARTICULAR PURPOSE.

configure:3094: $? = 0
configure:3083: gcc -v >&5
Using built-in specs.
COLLECT_GCC=gcc
COLLECT_LTO_WRAPPER=/usr/lib/gcc/x86_64-linux-gnu/11/lto-wrapper
OFFLOAD_TARGET_NAMES=nvptx-none:amdgcn-amdhsa
OFFLOAD_TARGET_DEFAULT=1
Target: x86_64-linux-gnu
Configured with: ../src/configure -v --with-pkgversion='Ubuntu 11.2.0-7ubuntu2' --with-bugurl=file:///usr/share/doc/gcc-11/README.Bugs --enable-languages=c,ada,c++,go,brig,d,fortran,objc,obj-c++,m2 --prefix=/usr --with-gcc-major-version-only --program-suffix=-11 --program-prefix=x86_64-linux-gnu- --enable-shared --enable-linker-build-id --libexecdir=/usr/lib --without-included-gettext --enable-threads=posix --libdir=/usr/lib --enable-nls --enable-bootstrap --enable-clocale=gnu --enable-libstdcxx-debug --enable-libstdcxx-time=yes --with-default-libstdcxx-abi=new --enable-gnu-unique-object --disable-vtable-verify --enable-plugin --enable-default-pie --with-system-zlib --enable-libphobos-checking=release --with-target-system-zlib=auto --enable-objc-gc=auto --enable-multiarch --disable-werror --enable-cet --with-arch-32=i686 --with-abi=m64 --with-multilib-list=m32,m64,mx32 --enable-multilib --with-tune=generic --enable-offload-targets=nvptx-none=/build/gcc-11-ZPT0kp/gcc-11-11.2.0/debian/tmp-nvptx/usr,amdgcn-amdhsa=/build/gcc-11-ZPT0kp/gcc-11-11.2.0/debian/tmp-gcn/usr --without-cuda-driver --enable-checking=release --build=x86_64-linux-gnu --host=x86_64-linux-gnu --target=x86_64-linux-gnu --with-build-config=bootstrap-lto-lean --enable-link-serialization=2
Thread model: posix
Supported LTO compression algorithms: zlib zstd
gcc version 11.2.0 (Ubuntu 11.2.0-7ubuntu2) 
... rest of stderr output deleted ...
configure:3094: $? = 0
configure:3083: gcc -V >&5
gcc: error: unrecognized command-line option '-V'
gcc: fatal error: no input files
compilation terminated.
configure:3094: $? = 1
configure:3083: gcc -qversion >&5
gcc: error: unrecognized command-line option '-qversion'; did you mean '--version'?
gcc: fatal error: no input files
compilation terminated.
configure:3094: $? = 1
configure:3114: checking whether the C compiler works
configure:3136: gcc    conftest.c  >&5
configure:3140: $? = 0
configure:3188: result: yes
configure:3191: checking for C compiler default output file name
configure:3193: result: a.out
configure:3199: checking for suffix of executables
configure:3206: gcc -o conftest    conftest.c  >&5
configure:3210: $? = 0
configure:3232: result: 
configure:3254: checking whether we are cross compiling
configure:3262: gcc -o conftest    conftest.c  >&5
configure:3266: $? = 0
configure:3273: ./conftest
configure:3277: $? = 0
configure:3292: result: no
configure:3297: checking for suffix of object files
configure:3319: gcc -c   conftest.c >&5
configure:3323: $? = 0
configure:3344: result: o
configure:3348: checking whether we are using the GNU C compiler
configure:3367: gcc -c   conftest.c >&5
configure:3367: $? = 0
configure:3376: result: yes
configure:3385: checking whether gcc accepts -g
configure:3405: gcc -c -g  conftest.c >&5
configure:3405: $? = 0
configure:3446: result: yes
configure:3463: checking for gcc option to accept ISO C89
configure:3526: gcc  -c -g -O2  conftest.c >&5
configure:3526: $? = 0
configure:3539: result: none needed
configure:3564: checking whether gcc understands -c and -o together
configure:3586: gcc -c conftest.c -o conftest2.o
configure:3589: $? = 0
configure:3586: gcc -c conftest.c -o conftest2.o
configure:3589: $? = 0
configure:3601: result: yes
configure:3621: checking whether make supports the include directive
configure:3636: make -f confmf.GNU && cat confinc.out
this is the am__doit target
configure:3639: $? = 0
configure:3658: result: yes (GNU style)
configure:3683: checking dependency style of gcc
configure:3794: result: gcc3
configure:3820: checking how to run the C preprocessor
configure:3851: gcc -E  conftest.c
configure:3851: $? = 0
configure:3865: gcc -E  conftest.c
conftest.c:12:10: fatal error: ac_nonexistent.h: No such file or directory
   12 | #include <ac_nonexistent.h>
      |          ^~~~~~~~~~~~~~~~~~
compilation terminated.
configure:3865: $? = 1
configure: failed program was:
| /* confdefs.h */
| #define PACKAGE_NAME "wavedump"
| #define PACKAGE_TARNAME "wavedump"
| #define PACKAGE_VERSION "3.10.4"
| #define PACKAGE_STRING "wavedump 3.10.4"
| #define PACKAGE_BUGREPORT "support.computing@caen.it"
| #define PACKAGE_URL ""
| #define PACKAGE "wavedump"
| #define VERSION "3.10.4"
| #define LINUX 1
| /* end confdefs.h.  */
| #include <ac_nonexistent.h>
configure:3890: result: gcc -E
configure:3910: gcc -E  conftest.c
configure:3910: $? = 0
configure:3924: gcc -E  conftest.c
conftest.c:12:10: fatal error: ac_nonexistent.h: No such file or directory
   12 | #include <ac_nonexistent.h>
      |          ^~~~~~~~~~~~~~~~~~
compilation terminated.
configure:3924: $? = 1
configure: failed program was:
| /* confdefs.h */
| #define PACKAGE_NAME "wavedump"
| #define PACKAGE_TARNAME "wavedump"
| #define PACKAGE_VERSION "3.10.4"
| #define PACKAGE_STRING "wavedump 3.10.4"
| #define PACKAGE_BUGREPORT "support.computing@caen.it"
| #define PACKAGE_URL ""
| #define PACKAGE "wavedump"
| #define VERSION "3.10.4"
| #define LINUX 1
| /* end confdefs.h.  */
| #include <ac_nonexistent.h>
configure:3953: checking for grep that handles long lines and -e
configure:4011: result: /usr/bin/grep
configure:4016: checking for egrep
configure:4078: result: /usr/bin/grep -E
configure:4083: checking for ANSI C header files
configure:4103: gcc -c -g -O2  conftest.c >&5
configure:4103: $? = 0
configure:4176: gcc -o conftest -g -O2   conftest.c  >&5
configure:4176: $? = 0
configure:4176: ./conftest
configure:4176: $? = 0
configure:4187: result: yes
configure:4200: checking for sys/types.h
configure:4200: gcc -c -g -O2  conftest.c >&5
configure:4200: $? = 0
configure:4200: result: yes
configure:4200: checking for sys/stat.h
configure:4200: gcc -c -g -O2  conftest.c >&5
configure:4200: $? = 0
configure:4200: result: yes
configure:4200: checking for stdlib.h
configure:4200: gcc -c -g -O2  conftest.c >&5
configure:4200: $? = 0
configure:4200: result: yes
configure:4200: checking for string.h
configure:4200: gcc -c -g -O2  conftest.c >&5
configure:4200: $? = 0
configure:4200: result: yes
configure:4200: checking for memory.h
configure:4200: gcc -c -g -O2  conftest.c >&5
configure:4200: $? = 0
configure:4200: result: yes
configure:4200: checking for strings.h
configure:4200: gcc -c -g -O2  conftest.c >&5
configure:4200: $? = 0
configure:4200: result: yes
configure:4200: checking for inttypes.h
configure:4200: gcc -c -g -O2  conftest.c >&5
configure:4200: $? = 0
configure:4200: result: yes
configure:4200: checking for stdint.h
configure:4200: gcc -c -g -O2  conftest.c >&5
configure:4200: $? = 0
configure:4200: result: yes
configure:4200: checking for unistd.h
configure:4200: gcc -c -g -O2  conftest.c >&5
configure:4200: $? = 0
configure:4200: result: yes
configure:4212: checking CAENDigitizer.h usability
configure:4212: gcc -c -g -O2  conftest.c >&5
configure:4212: $? = 0
configure:4212: result: yes
configure:4212: checking CAENDigitizer.h presence
configure:4212: gcc -E  conftest.c
configure:4212: $? = 0
configure:4212: result: yes
configure:4212: checking for CAENDigitizer.h
configure:4212: result: yes
configure:4220: checking CAENDigitizerType.h usability
configure:4220: gcc -c -g -O2  conftest.c >&5
configure:4220: $? = 0
configure:4220: result: yes
configure:4220: checking CAENDigitizerType.h presence
configure:4220: gcc -E  conftest.c
configure:4220: $? = 0
configure:4220: result: yes
configure:4220: checking for CAENDigitizerType.h
configure:4220: result: yes
configure:4228: checking for CAEN_DGTZ_LoadSAMCorrectionData in -lCAENDigitizer
configure:4253: gcc -o conftest -g -O2   conftest.c -lCAENDigitizer   >&5
configure:4253: $? = 0
configure:4262: result: yes
configure:4270: checking for CAEN_DGTZ_USB_A4818 in CAENDigitizerType.h
configure:4296: result: CAENDigitizerType.h
configure:4314: checking for gnuplot
configure:4330: found /usr/bin/gnuplot
configure:4342: result: ok
configure:4361: WARNING: 
configure:4364: checking for ANSI C header files
configure:4468: result: yes
configure:4479: checking malloc.h usability
configure:4479: gcc -c -g -O2  conftest.c >&5
configure:4479: $? = 0
configure:4479: result: yes
configure:4479: checking malloc.h presence
configure:4479: gcc -E  conftest.c
configure:4479: $? = 0
configure:4479: result: yes
configure:4479: checking for malloc.h
configure:4479: result: yes
configure:4479: checking for stdint.h
configure:4479: result: yes
configure:4479: checking for stdlib.h
configure:4479: result: yes
configure:4479: checking for string.h
configure:4479: result: yes
configure:4479: checking sys/time.h usability
configure:4479: gcc -c -g -O2  conftest.c >&5
configure:4479: $? = 0
configure:4479: result: yes
configure:4479: checking sys/time.h presence
configure:4479: gcc -E  conftest.c
configure:4479: $? = 0
configure:4479: result: yes
configure:4479: checking for sys/time.h
configure:4479: result: yes
configure:4479: checking sys/timeb.h usability
configure:4479: gcc -c -g -O2  conftest.c >&5
configure:4479: $? = 0
configure:4479: result: yes
configure:4479: checking sys/timeb.h presence
configure:4479: gcc -E  conftest.c
configure:4479: $? = 0
configure:4479: result: yes
configure:4479: checking for sys/timeb.h
configure:4479: result: yes
configure:4479: checking termios.h usability
configure:4479: gcc -c -g -O2  conftest.c >&5
configure:4479: $? = 0
configure:4479: result: yes
configure:4479: checking termios.h presence
configure:4479: gcc -E  conftest.c
configure:4479: $? = 0
configure:4479: result: yes
configure:4479: checking for termios.h
configure:4479: result: yes
configure:4479: checking for unistd.h
configure:4479: result: yes
configure:4491: checking for an ANSI C-conforming const
configure:4557: gcc -c -g -O2  conftest.c >&5
configure:4557: $? = 0
configure:4564: result: yes
configure:4572: checking whether time.h and sys/time.h may both be included
configure:4592: gcc -c -g -O2  conftest.c >&5
configure:4592: $? = 0
configure:4599: result: yes
configure:4611: checking for stdlib.h
configure:4611: result: yes
configure:4621: checking for GNU libc compatible malloc
configure:4645: gcc -o conftest -g -O2   conftest.c  >&5
configure:4645: $? = 0
configure:4645: ./conftest
configure:4645: $? = 0
configure:4655: result: yes
configure:4679: checking sys/select.h usability
configure:4679: gcc -c -g -O2  conftest.c >&5
configure:4679: $? = 0
configure:4679: result: yes
configure:4679: checking sys/select.h presence
configure:4679: gcc -E  conftest.c
configure:4679: $? = 0
configure:4679: result: yes
configure:4679: checking for sys/select.h
configure:4679: result: yes
configure:4679: checking sys/socket.h usability
configure:4679: gcc -c -g -O2  conftest.c >&5
configure:4679: $? = 0
configure:4679: result: yes
configure:4679: checking sys/socket.h presence
configure:4679: gcc -E  conftest.c
configure:4679: $? = 0
configure:4679: result: yes
configure:4679: checking for sys/socket.h
configure:4679: result: yes
configure:4689: checking types of arguments for select
configure:4717: gcc -c -g -O2  conftest.c >&5
configure:4717: $? = 0
configure:4728: result: int,fd_set *,struct timeval *
configure:4754: checking for atexit
configure:4754: gcc -o conftest -g -O2   conftest.c  >&5
configure:4754: $? = 0
configure:4754: result: yes
configure:4754: checking for gettimeofday
configure:4754: gcc -o conftest -g -O2   conftest.c  >&5
configure:4754: $? = 0
configure:4754: result: yes
configure:4754: checking for memset
configure:4754: gcc -o conftest -g -O2   conftest.c  >&5
conftest.c:64:6: warning: conflicting types for built-in function 'memset'; expected 'void *(void *, int,  long unsigned int)' [-Wbuiltin-declaration-mismatch]
   64 | char memset ();
      |      ^~~~~~
conftest.c:52:1: note: 'memset' is declared in header '<string.h>'
   51 | # include <limits.h>
   52 | #else
configure:4754: $? = 0
configure:4754: result: yes
configure:4754: checking for pow
configure:4754: gcc -o conftest -g -O2   conftest.c  >&5
conftest.c:65:6: warning: conflicting types for built-in function 'pow'; expected 'double(double,  double)' [-Wbuiltin-declaration-mismatch]
   65 | char pow ();
      |      ^~~
conftest.c:53:1: note: 'pow' is declared in header '<math.h>'
   52 | # include <limits.h>
   53 | #else
/usr/bin/ld: /tmp/cc0L9AwW.o: in function `main':
/home/henrique/Documents/CAEN_Digitizer/wavedump-3.10.4/conftest.c:76: undefined reference to `pow'
collect2: error: ld returned 1 exit status
configure:4754: $? = 1
configure: failed program was:
| /* confdefs.h */
| #define PACKAGE_NAME "wavedump"
| #define PACKAGE_TARNAME "wavedump"
| #define PACKAGE_VERSION "3.10.4"
| #define PACKAGE_STRING "wavedump 3.10.4"
| #define PACKAGE_BUGREPORT "support.computing@caen.it"
| #define PACKAGE_URL ""
| #define PACKAGE "wavedump"
| #define VERSION "3.10.4"
| #define LINUX 1
| #define STDC_HEADERS 1
| #define HAVE_SYS_TYPES_H 1
| #define HAVE_SYS_STAT_H 1
| #define HAVE_STDLIB_H 1
| #define HAVE_STRING_H 1
| #define HAVE_MEMORY_H 1
| #define HAVE_STRINGS_H 1
| #define HAVE_INTTYPES_H 1
| #define HAVE_STDINT_H 1
| #define HAVE_UNISTD_H 1
| #define STDC_HEADERS 1
| #define HAVE_MALLOC_H 1
| #define HAVE_STDINT_H 1
| #define HAVE_STDLIB_H 1
| #define HAVE_STRING_H 1
| #define HAVE_SYS_TIME_H 1
| #define HAVE_SYS_TIMEB_H 1
| #define HAVE_TERMIOS_H 1
| #define HAVE_UNISTD_H 1
| #define TIME_WITH_SYS_TIME 1
| #define HAVE_STDLIB_H 1
| #define HAVE_MALLOC 1
| #define HAVE_SYS_SELECT_H 1
| #define HAVE_SYS_SOCKET_H 1
| #define SELECT_TYPE_ARG1 int
| #define SELECT_TYPE_ARG234 (fd_set *)
| #define SELECT_TYPE_ARG5 (struct timeval *)
| #define HAVE_ATEXIT 1
| #define HAVE_GETTIMEOFDAY 1
| #define HAVE_MEMSET 1
| /* end confdefs.h.  */
| /* Define pow to an innocuous variant, in case <limits.h> declares pow.
|    For example, HP-UX 11i <limits.h> declares gettimeofday.  */
| #define pow innocuous_pow
| 
| /* System header to define __stub macros and hopefully few prototypes,
|     which can conflict with char pow (); below.
|     Prefer <limits.h> to <assert.h> if __STDC__ is defined, since
|     <limits.h> exists even on freestanding compilers.  */
| 
| #ifdef __STDC__
| # include <limits.h>
| #else
| # include <assert.h>
| #endif
| 
| #undef pow
| 
| /* Override any GCC internal prototype to avoid an error.
|    Use char because int might match the return type of a GCC
|    builtin and then its argument prototype would still apply.  */
| #ifdef __cplusplus
| extern "C"
| #endif
| char pow ();
| /* The GNU C library defines this for functions which it implements
|     to always fail with ENOSYS.  Some functions are actually named
|     something starting with __ and the normal name is an alias.  */
| #if defined __stub_pow || defined __stub___pow
| choke me
| #endif
| 
| int
| main ()
| {
| return pow ();
|   ;
|   return 0;
| }
configure:4754: result: no
configure:4754: checking for select
configure:4754: gcc -o conftest -g -O2   conftest.c  >&5
configure:4754: $? = 0
configure:4754: result: yes
configure:4754: checking for strstr
configure:4754: gcc -o conftest -g -O2   conftest.c  >&5
conftest.c:66:6: warning: conflicting types for built-in function 'strstr'; expected 'char *(const char *, const char *)' [-Wbuiltin-declaration-mismatch]
   66 | char strstr ();
      |      ^~~~~~
conftest.c:54:1: note: 'strstr' is declared in header '<string.h>'
   53 | # include <limits.h>
   54 | #else
configure:4754: $? = 0
configure:4754: result: yes
configure:4767: checking for gnuplot
configure:4783: found /usr/bin/gnuplot
configure:4795: result: yes
configure:4943: checking that generated files are newer than configure
configure:4949: result: done
configure:4972: creating ./config.status

## ---------------------- ##
## Running config.status. ##
## ---------------------- ##

This file was extended by wavedump config.status 3.10.4, which was
generated by GNU Autoconf 2.69.  Invocation command line was

  CONFIG_FILES    = 
  CONFIG_HEADERS  = 
  CONFIG_LINKS    = 
  CONFIG_COMMANDS = 
  $ ./config.status 

on henrique

config.status:784: creating Makefile
config.status:784: creating src/Makefile
config.status:956: executing depfiles commands
config.status:1033: cd src       && sed -e '/# am--include-marker/d' Makefile         | make -f - am--depfiles
make: Nothing to be done for 'am--depfiles'.
config.status:1038: $? = 0

## ---------------- ##
## Cache variables. ##
## ---------------- ##

ac_cv_c_compiler_gnu=yes
ac_cv_c_const=yes
ac_cv_env_CC_set=
ac_cv_env_CC_value=
ac_cv_env_CFLAGS_set=
ac_cv_env_CFLAGS_value=
ac_cv_env_CPPFLAGS_set=
ac_cv_env_CPPFLAGS_value=
ac_cv_env_CPP_set=
ac_cv_env_CPP_value=
ac_cv_env_LDFLAGS_set=
ac_cv_env_LDFLAGS_value=
ac_cv_env_LIBS_set=
ac_cv_env_LIBS_value=
ac_cv_env_build_alias_set=
ac_cv_env_build_alias_value=
ac_cv_env_host_alias_set=
ac_cv_env_host_alias_value=
ac_cv_env_target_alias_set=
ac_cv_env_target_alias_value=
ac_cv_func_atexit=yes
ac_cv_func_gettimeofday=yes
ac_cv_func_malloc_0_nonnull=yes
ac_cv_func_memset=yes
ac_cv_func_pow=no
ac_cv_func_select=yes
ac_cv_func_select_args='int,fd_set *,struct timeval *'
ac_cv_func_strstr=yes
ac_cv_header_CAENDigitizerType_h=yes
ac_cv_header_CAENDigitizer_h=yes
ac_cv_header_inttypes_h=yes
ac_cv_header_malloc_h=yes
ac_cv_header_memory_h=yes
ac_cv_header_stdc=yes
ac_cv_header_stdint_h=yes
ac_cv_header_stdlib_h=yes
ac_cv_header_string_h=yes
ac_cv_header_strings_h=yes
ac_cv_header_sys_select_h=yes
ac_cv_header_sys_socket_h=yes
ac_cv_header_sys_stat_h=yes
ac_cv_header_sys_time_h=yes
ac_cv_header_sys_timeb_h=yes
ac_cv_header_sys_types_h=yes
ac_cv_header_termios_h=yes
ac_cv_header_time=yes
ac_cv_header_unistd_h=yes
ac_cv_lib_CAENDigitizer_REQ_DGTZ_FUNCTION=yes
ac_cv_objext=o
ac_cv_path_EGREP='/usr/bin/grep -E'
ac_cv_path_GREP=/usr/bin/grep
ac_cv_path_install='/usr/bin/install -c'
ac_cv_path_mkdir=/usr/bin/mkdir
ac_cv_prog_AWK=gawk
ac_cv_prog_CPP='gcc -E'
ac_cv_prog_GNUPLOT=ok
ac_cv_prog_HAVE_GNUPLOT=yes
ac_cv_prog_ac_ct_CC=gcc
ac_cv_prog_cc_c89=
ac_cv_prog_cc_g=yes
ac_cv_prog_make_make_set=yes
am_cv_CC_dependencies_compiler_type=gcc3
am_cv_make_support_nested_variables=yes
am_cv_prog_cc_c_o=yes

## ----------------- ##
## Output variables. ##
## ----------------- ##

ACLOCAL='aclocal-1.16'
AMDEPBACKSLASH='\'
AMDEP_FALSE='#'
AMDEP_TRUE=''
AMTAR='$${TAR-tar}'
AM_BACKSLASH='\'
AM_DEFAULT_V='$(AM_DEFAULT_VERBOSITY)'
AM_DEFAULT_VERBOSITY='1'
AM_V='$(V)'
AUTOCONF='autoconf'
AUTOHEADER='autoheader'
AUTOMAKE='automake-1.16'
AWK='gawk'
CC='gcc'
CCDEPMODE='depmode=gcc3'
CFLAGS='-g -O2'
CPP='gcc -E'
CPPFLAGS=''
CYGPATH_W='echo'
DEFS='-DPACKAGE_NAME=\"wavedump\" -DPACKAGE_TARNAME=\"wavedump\" -DPACKAGE_VERSION=\"3.10.4\" -DPACKAGE_STRING=\"wavedump\ 3.10.4\" -DPACKAGE_BUGREPORT=\"support.computing@caen.it\" -DPACKAGE_URL=\"\" -DPACKAGE=\"wavedump\" -DVERSION=\"3.10.4\" -DLINUX=1 -DSTDC_HEADERS=1 -DHAVE_SYS_TYPES_H=1 -DHAVE_SYS_STAT_H=1 -DHAVE_STDLIB_H=1 -DHAVE_STRING_H=1 -DHAVE_MEMORY_H=1 -DHAVE_STRINGS_H=1 -DHAVE_INTTYPES_H=1 -DHAVE_STDINT_H=1 -DHAVE_UNISTD_H=1 -DSTDC_HEADERS=1 -DHAVE_MALLOC_H=1 -DHAVE_STDINT_H=1 -DHAVE_STDLIB_H=1 -DHAVE_STRING_H=1 -DHAVE_SYS_TIME_H=1 -DHAVE_SYS_TIMEB_H=1 -DHAVE_TERMIOS_H=1 -DHAVE_UNISTD_H=1 -DTIME_WITH_SYS_TIME=1 -DHAVE_STDLIB_H=1 -DHAVE_MALLOC=1 -DHAVE_SYS_SELECT_H=1 -DHAVE_SYS_SOCKET_H=1 -DSELECT_TYPE_ARG1=int -DSELECT_TYPE_ARG234=\(fd_set\ \*\) -DSELECT_TYPE_ARG5=\(struct\ timeval\ \*\) -DHAVE_ATEXIT=1 -DHAVE_GETTIMEOFDAY=1 -DHAVE_MEMSET=1 -DHAVE_SELECT=1 -DHAVE_STRSTR=1'
DEPDIR='.deps'
ECHO_C=''
ECHO_N='-n'
ECHO_T=''
EGREP='/usr/bin/grep -E'
EXEEXT=''
GNUPLOT='ok'
GREP='/usr/bin/grep'
HAVE_GNUPLOT='yes'
INSTALL_DATA='${INSTALL} -m 644'
INSTALL_PROGRAM='${INSTALL}'
INSTALL_SCRIPT='${INSTALL}'
INSTALL_STRIP_PROGRAM='$(install_sh) -c -s'
LDFLAGS=''
LIBOBJS=''
LIBS=''
LTLIBOBJS=''
MAKEINFO='makeinfo'
MKDIR_P='/usr/bin/mkdir -p'
OBJEXT='o'
PACKAGE='wavedump'
PACKAGE_BUGREPORT='support.computing@caen.it'
PACKAGE_NAME='wavedump'
PACKAGE_STRING='wavedump 3.10.4'
PACKAGE_TARNAME='wavedump'
PACKAGE_URL=''
PACKAGE_VERSION='3.10.4'
PATH_SEPARATOR=':'
SET_MAKE=''
SHELL='/bin/bash'
STRIP=''
VERSION='3.10.4'
ac_ct_CC='gcc'
am__EXEEXT_FALSE=''
am__EXEEXT_TRUE='#'
am__fastdepCC_FALSE='#'
am__fastdepCC_TRUE=''
am__include='include'
am__isrc=''
am__leading_dot='.'
am__nodep='_no'
am__quote=''
am__tar='$${TAR-tar} chof - "$$tardir"'
am__untar='$${TAR-tar} xf -'
bindir='${exec_prefix}/bin'
build_alias=''
datadir='${datarootdir}'
datarootdir='${prefix}/share'
docdir='${datarootdir}/doc/${PACKAGE_TARNAME}'
dvidir='${docdir}'
exec_prefix='${prefix}'
host_alias=''
htmldir='${docdir}'
includedir='${prefix}/include'
infodir='${datarootdir}/info'
install_sh='${SHELL} /home/henrique/Documents/CAEN_Digitizer/wavedump-3.10.4/src/install-sh'
libdir='${exec_prefix}/lib'
libexecdir='${exec_prefix}/libexec'
localedir='${datarootdir}/locale'
localstatedir='${prefix}/var'
mandir='${datarootdir}/man'
mkdir_p='$(MKDIR_P)'
oldincludedir='/usr/include'
pdfdir='${docdir}'
prefix='/usr/local'
program_transform_name='s,x,x,'
psdir='${docdir}'
runstatedir='${localstatedir}/run'
sbindir='${exec_prefix}/sbin'
sharedstatedir='${prefix}/com'
sysconfdir='${prefix}/etc'
target_alias=''

## ----------- ##
## confdefs.h. ##
## ----------- ##

/* confdefs.h */
#define PACKAGE_NAME "wavedump"
#define PACKAGE_TARNAME "wavedump"
#define PACKAGE_VERSION "3.10.4"
#define PACKAGE_STRING "wavedump 3.10.4"
#define PACKAGE_BUGREPORT "support.computing@caen.it"
#define PACKAGE_URL ""
#define PACKAGE "wavedump"
#define VERSION "3.10.4"
#define LINUX 1
#define STDC_HEADERS 1
#define HAVE_SYS_TYPES_H 1
#define HAVE_SYS_STAT_H 1
#define HAVE_STDLIB_H 1
#define HAVE_STRING_H 1
#define HAVE_MEMORY_H 1
#define HAVE_STRINGS_H 1
#define HAVE_INTTYPES_H 1
#define HAVE_STDINT_H 1
#define HAVE_UNISTD_H 1
#define STDC_HEADERS 1
#define HAVE_MALLOC_H 1
#define HAVE_STDINT_H 1
#define HAVE_STDLIB_H 1
#define HAVE_STRING_H 1
#define HAVE_SYS_TIME_H 1
#define HAVE_SYS_TIMEB_H 1
#define HAVE_TERMIOS_H 1
#define HAVE_UNISTD_H 1
#define TIME_WITH_SYS_TIME 1
#define HAVE_STDLIB_H 1
#define HAVE_MALLOC 1
#define HAVE_SYS_SELECT_H 1
#define HAVE_SYS_SOCKET_H 1
#define SELECT_TYPE_ARG1 int
#define SELECT_TYPE_ARG234 (fd_set *)
#define SELECT_TYPE_ARG5 (struct timeval *)
#define HAVE_ATEXIT 1
#define HAVE_GETTIMEOFDAY 1
#define HAVE_MEMSET 1
#define HAVE_SELECT 1
#define HAVE_STRSTR 1

configure: exit 0
